TN:
SF:src\modules\country\infra\typeorm\entities\Country.ts
FN:15,Country
FNF:1
FNH:1
FNDA:2,Country
DA:1,1
DA:2,1
DA:3,1
DA:4,1
DA:5,1
DA:6,1
DA:7,1
DA:8,1
DA:9,1
DA:10,1
DA:11,1
DA:12,1
DA:13,1
DA:14,1
DA:15,1
DA:16,2
DA:17,2
DA:18,2
DA:19,2
DA:20,1
DA:21,1
DA:22,1
LF:22
LH:22
BRDA:15,0,0,2
BRF:1
BRH:1
end_of_record
TN:
SF:src\modules\country\repository\inMemory\CreateCountryInMemory.ts
FN:5,CreateCountryRepositoryInMemory
FN:8,create
FN:20,findByName
FNF:3
FNH:3
FNDA:2,CreateCountryRepositoryInMemory
FNDA:2,create
FNDA:4,findByName
DA:1,1
DA:2,1
DA:3,1
DA:4,1
DA:5,2
DA:6,2
DA:7,2
DA:8,2
DA:9,2
DA:10,2
DA:11,2
DA:12,2
DA:13,2
DA:14,2
DA:15,2
DA:16,2
DA:17,2
DA:18,2
DA:19,2
DA:20,2
DA:21,4
DA:22,4
DA:23,4
DA:24,4
DA:25,2
DA:26,1
DA:27,1
LF:27
LH:27
BRDA:5,0,0,2
BRDA:8,1,0,2
BRDA:20,2,0,4
BRDA:21,3,0,2
BRF:4
BRH:4
end_of_record
TN:
SF:src\modules\country\useCase\CreateCountryUseCase.ts
FN:10,CreateCountryUseCase
FN:15,execute
FNF:2
FNH:2
FNDA:2,CreateCountryUseCase
FNDA:3,execute
DA:1,1
DA:2,1
DA:3,1
DA:4,1
DA:5,1
DA:6,1
DA:7,1
DA:8,1
DA:9,1
DA:10,1
DA:11,2
DA:12,2
DA:13,2
DA:14,1
DA:15,1
DA:16,3
DA:17,3
DA:18,3
DA:19,1
DA:20,1
DA:21,2
DA:22,2
DA:23,2
DA:24,2
DA:25,2
DA:26,2
DA:27,2
DA:28,2
DA:29,2
DA:30,1
DA:31,1
DA:32,1
LF:32
LH:32
BRDA:10,0,0,2
BRDA:15,1,0,3
BRDA:18,2,0,1
BRDA:21,3,0,2
BRF:4
BRH:4
end_of_record
TN:
SF:src\modules\places\infra\typeorm\entities\Place.ts
FN:35,Place
FN:19,Object.<anonymous>.__decorate.name
FNF:2
FNH:1
FNDA:7,Place
FNDA:0,Object.<anonymous>.__decorate.name
DA:1,1
DA:2,1
DA:3,1
DA:4,1
DA:5,1
DA:6,1
DA:7,1
DA:8,1
DA:9,1
DA:10,1
DA:11,1
DA:12,1
DA:13,1
DA:14,1
DA:15,1
DA:16,1
DA:17,1
DA:18,1
DA:19,1
DA:20,1
DA:21,1
DA:22,1
DA:23,1
DA:24,1
DA:25,1
DA:26,1
DA:27,1
DA:28,1
DA:29,1
DA:30,1
DA:31,1
DA:32,1
DA:33,1
DA:34,1
DA:35,1
DA:36,7
DA:37,7
DA:38,7
DA:39,7
DA:40,1
DA:41,1
DA:42,1
LF:42
LH:42
BRDA:35,0,0,7
BRF:1
BRH:1
end_of_record
TN:
SF:src\modules\places\repository\inMemory\CreatePlaceRepositoryInMemory.ts
FN:5,CreatePlaceRepositoryInMemory
FN:8,create
FN:21,findById
FN:25,findName
FN:30,findAll
FN:42,update
FN:54,delete
FNF:7
FNH:6
FNDA:7,CreatePlaceRepositoryInMemory
FNDA:7,create
FNDA:4,findById
FNDA:4,findName
FNDA:1,findAll
FNDA:0,update
FNDA:1,delete
DA:1,1
DA:2,1
DA:3,1
DA:4,1
DA:5,7
DA:6,7
DA:7,7
DA:8,7
DA:9,7
DA:10,7
DA:11,7
DA:12,7
DA:13,7
DA:14,7
DA:15,7
DA:16,7
DA:17,7
DA:18,7
DA:19,7
DA:20,7
DA:21,7
DA:22,4
DA:23,4
DA:24,4
DA:25,7
DA:26,4
DA:27,4
DA:28,4
DA:29,4
DA:30,7
DA:31,1
DA:32,3
DA:33,3
DA:34,1
DA:35,1
DA:36,1
DA:37,1
DA:38,1
DA:39,1
DA:40,1
DA:41,7
DA:42,7
DA:43,0
DA:44,0
DA:45,0
DA:46,0
DA:47,0
DA:48,0
DA:49,0
DA:50,0
DA:51,0
DA:52,0
DA:53,7
DA:54,7
DA:55,1
DA:56,1
DA:57,1
DA:58,1
DA:59,1
DA:60,7
DA:61,1
DA:62,1
LF:62
LH:52
BRDA:5,0,0,7
BRDA:8,1,0,7
BRDA:21,2,0,4
BRDA:22,3,0,2
BRDA:25,4,0,4
BRDA:26,5,0,2
BRDA:30,6,0,1
BRDA:31,7,0,3
BRDA:37,8,0,2
BRDA:54,9,0,1
BRDA:55,10,0,1
BRF:11
BRH:11
end_of_record
TN:
SF:src\modules\places\useCases\create\PlaceUseCase.ts
FN:11,PlaceUseCase
FN:16,execute
FNF:2
FNH:2
FNDA:2,PlaceUseCase
FNDA:3,execute
DA:1,1
DA:2,1
DA:3,1
DA:4,1
DA:5,1
DA:6,1
DA:7,1
DA:8,1
DA:9,1
DA:10,1
DA:11,1
DA:12,2
DA:13,2
DA:14,2
DA:15,1
DA:16,1
DA:17,3
DA:18,3
DA:19,3
DA:20,3
DA:21,3
DA:22,3
DA:23,3
DA:24,3
DA:25,3
DA:26,1
DA:27,1
DA:28,1
DA:29,1
DA:30,2
DA:31,2
DA:32,2
DA:33,2
DA:34,2
DA:35,2
DA:36,2
DA:37,2
DA:38,2
DA:39,2
DA:40,3
DA:41,1
DA:42,1
DA:43,3
DA:44,1
DA:45,1
DA:46,1
LF:46
LH:46
BRDA:11,0,0,2
BRDA:16,1,0,3
BRDA:25,2,0,1
BRDA:30,3,0,2
BRDA:40,4,0,1
BRF:5
BRH:5
end_of_record
TN:
SF:src\modules\places\useCases\delete\DaletePlaceUseCase.ts
FN:9,DaletePlaceUseCase
FN:14,execute
FNF:2
FNH:2
FNDA:2,DaletePlaceUseCase
FNDA:2,execute
DA:1,1
DA:2,1
DA:3,1
DA:4,1
DA:5,1
DA:6,1
DA:7,1
DA:8,1
DA:9,1
DA:10,2
DA:11,2
DA:12,2
DA:13,1
DA:14,1
DA:15,2
DA:16,2
DA:17,2
DA:18,2
DA:19,1
DA:20,1
DA:21,1
DA:22,1
DA:23,1
DA:24,1
DA:25,1
DA:26,2
DA:27,1
DA:28,1
DA:29,1
LF:29
LH:29
BRDA:9,0,0,2
BRDA:14,1,0,2
BRDA:18,2,0,1
BRF:3
BRH:3
end_of_record
TN:
SF:src\modules\places\useCases\listByGoal\ListPlaceByGoalUseCase.ts
FN:8,ListPlaceByGoalUseCase
FN:13,execute
FNF:2
FNH:2
FNDA:1,ListPlaceByGoalUseCase
FNDA:1,execute
DA:1,1
DA:2,1
DA:3,1
DA:4,1
DA:5,1
DA:6,1
DA:7,1
DA:8,1
DA:9,1
DA:10,1
DA:11,1
DA:12,1
DA:13,1
DA:14,1
DA:15,1
DA:16,1
DA:17,1
LF:17
LH:17
BRDA:8,0,0,1
BRDA:13,1,0,1
BRF:2
BRH:2
end_of_record
TN:
SF:src\modules\places\useCases\updatePlace\UpdatePlaceUseCase.ts
FN:11,UpdatePlaceUseCase
FN:16,execute
FNF:2
FNH:2
FNDA:2,UpdatePlaceUseCase
FNDA:2,execute
DA:1,1
DA:2,1
DA:3,1
DA:4,1
DA:5,1
DA:6,1
DA:7,1
DA:8,1
DA:9,1
DA:10,1
DA:11,1
DA:12,2
DA:13,2
DA:14,2
DA:15,1
DA:16,1
DA:17,2
DA:18,2
DA:19,2
DA:20,2
DA:21,2
DA:22,2
DA:23,0
DA:24,0
DA:25,0
DA:26,0
DA:27,0
DA:28,0
DA:29,0
DA:30,0
DA:31,0
DA:32,2
DA:33,2
DA:34,2
DA:35,2
DA:36,1
DA:37,1
LF:37
LH:28
BRDA:11,0,0,2
BRDA:16,1,0,2
BRDA:23,2,0,0
BRF:3
BRH:2
end_of_record
TN:
SF:src\shared\Error\AppError.ts
FN:5,AppError
FNF:1
FNH:1
FNDA:9,AppError
DA:1,1
DA:2,1
DA:3,1
DA:4,1
DA:5,1
DA:6,9
DA:7,9
DA:8,9
DA:9,1
LF:9
LH:9
BRDA:5,0,0,9
BRF:1
BRH:1
end_of_record
TN:
SF:src\shared\utils\formatGoal.ts
FN:7,formatGoalDate
FNF:1
FNH:1
FNDA:2,formatGoalDate
DA:1,1
DA:2,1
DA:3,1
DA:4,1
DA:5,1
DA:6,1
DA:7,2
DA:8,2
DA:9,2
DA:10,2
LF:10
LH:10
BRDA:7,0,0,2
BRF:1
BRH:1
end_of_record
